200 0.0005691051483154297
400 0.0011403560638427734
600 0.0018138885498046875
800 0.002491474151611328
1000 0.003278493881225586
1200 0.0039937496185302734
1400 0.004656553268432617
1600 0.0053217411041259766
1800 0.006174802780151367
2000 0.008010387420654297
2200 0.007814168930053711
2400 0.008529901504516602
2600 0.00926971435546875
2800 0.010580301284790039
3000 0.010873079299926758
3200 0.011477231979370117
3400 0.01231074333190918
3600 0.01307988166809082
3800 0.013888359069824219
4000 0.014508724212646484
