P26 P76 P28 P27 P58 P35 P61 P42 P57 P36 P150 P85 P2 306
P161 P22 null
P46 P164 P138 P6 P63 P61 P31 P17 35
P59 P6 P63 P61 P31 P81 P124 116
P99 P63 P132 P123 P27 P58 96
P148 P65 P57 P36 P116 54
P105 P67 P36 P150 P85 P177 72
P144 P162 P116 P60 P69 P143 P40 P123 P27 P58 P35 P61 P42 P57 348
P53 P6 P63 P61 P42 P57 P130 P33 P119 P76 42
P21 P172 P70 P0 P134 P36 P150 8
P166 P114 null
P28 P27 P58 P35 P61 P159 P86 P32 P165 P41 180
P53 P143 P40 P123 P67 P39 38
P76 P26 null
P121 P146 P109 P137 P38 P54 P175 P45 46
P97 P164 P79 P98 P109 P66 P65 P112 P77 172
P85 P159 P147 56
P85 P6 P63 P61 P42 P53 P143 P40 P3 P28 46
P2 P118 P47 P136 P115 P65 P57 108
P76 P28 P27 P58 P168 P139 92
P101 P23 P156 P52 P117 P172 P145 46
P127 P93 null
P165 P41 P67 P111 P63 P132 P128 28
P61 P42 P53 P6 P63 P65 P22 P106 22
P33 P117 P172 P103 P83 P105 113
P73 P20 P100 P148 P65 P57 P130 P33 P139 P15 P166 366
P4 P169 P33 P6 P63 P132 P123 P27 44
P45 P110 P14 P62 P53 P143 P117 P172 P145 23
P165 P40 P123 P27 P58 P35 P61 P42 P57 P130 P80 P87 P9 P152 P72 P16 124
P121 P146 P109 P66 P65 P112 P77 64
P48 P148 P65 P138 P137 P38 P54 76
P46 P164 P37 P172 P70 P0 P134 P36 P1 96
P35 P61 P42 P53 P143 P40 P123 P173 80
P169 P33 P90 P168 P149 P114 P25 35
P32 P29 P132 P128 P21 P156 P146 P30 75
